<?xml version="1.0" encoding="utf-8"?><testsuites name="pytest tests"><testsuite name="pytest" errors="9" failures="0" skipped="0" tests="9" time="11.782" timestamp="2026-06-15T21:06:40.680400+08:00" hostname="iceboat"><testcase classname="" name="tests.application.test_basic_market_longhu_backfill" time="0.000"><error message="collection failure">ImportError while importing test module 'E:\project\workspace\myrepo\quant-atlas\tests\application\test_basic_market_longhu_backfill.py'.
Hint: make sure your test modules/packages have valid Python names.
Traceback:
D:\ProgramData\miniconda3\Lib\importlib\__init__.py:90: in import_module
    return _bootstrap._gcd_import(name[level:], package, level)
           ^^^^^^^^^^^^^^^^^^^^^^^^^^^^^^^^^^^^^^^^^^^^^^^^^^^^
tests\application\test_basic_market_longhu_backfill.py:7: in &lt;module&gt;
    from app.application.services.basic_market_data_service import BasicMarketDataService
E   ModuleNotFoundError: No module named 'app.application.services.basic_market_data_service'</error></testcase><testcase classname="" name="tests.application.test_borderless_execution_service" time="0.000"><error message="collection failure">C:\Users\dawn2\AppData\Roaming\Python\Python312\site-packages\_pytest\python.py:507: in importtestmodule
    mod = import_path(
C:\Users\dawn2\AppData\Roaming\Python\Python312\site-packages\_pytest\pathlib.py:587: in import_path
    importlib.import_module(module_name)
D:\ProgramData\miniconda3\Lib\importlib\__init__.py:90: in import_module
    return _bootstrap._gcd_import(name[level:], package, level)
           ^^^^^^^^^^^^^^^^^^^^^^^^^^^^^^^^^^^^^^^^^^^^^^^^^^^^
&lt;frozen importlib._bootstrap&gt;:1387: in _gcd_import
    ???
&lt;frozen importlib._bootstrap&gt;:1360: in _find_and_load
    ???
&lt;frozen importlib._bootstrap&gt;:1331: in _find_and_load_unlocked
    ???
&lt;frozen importlib._bootstrap&gt;:935: in _load_unlocked
    ???
C:\Users\dawn2\AppData\Roaming\Python\Python312\site-packages\_pytest\assertion\rewrite.py:197: in exec_module
    exec(co, module.__dict__)
tests\application\test_borderless_execution_service.py:3: in &lt;module&gt;
    from app.modules.execution.services.borderless_execution_service import BorderlessExecutionService
app\modules\execution\services\borderless_execution_service.py:16: in &lt;module&gt;
    from app.infrastructure.execution.driver.order_manager import OrderManager, OrderState
app\infrastructure\execution\driver\__init__.py:16: in &lt;module&gt;
    from .redis_executor import RedisStreamExecutor
E     File "E:\project\workspace\myrepo\quant-atlas\app\infrastructure\execution\driver\redis_executor.py", line 715
E       """濡鈩冨珯鐠併垹宕熼幍褑锟斤拷 (鐎圭偤妾鎼存梹娴涢幑锟芥稉铏规埂鐎圭偘姘﹂弰鎾村嶇拫鍐鏁)"""
E                                              ^
E   SyntaxError: invalid character '﹂' (U+FE42)</error></testcase><testcase classname="" name="tests.application.test_debate_arbiter_llm" time="0.000"><error message="collection failure">ImportError while importing test module 'E:\project\workspace\myrepo\quant-atlas\tests\application\test_debate_arbiter_llm.py'.
Hint: make sure your test modules/packages have valid Python names.
Traceback:
D:\ProgramData\miniconda3\Lib\importlib\__init__.py:90: in import_module
    return _bootstrap._gcd_import(name[level:], package, level)
           ^^^^^^^^^^^^^^^^^^^^^^^^^^^^^^^^^^^^^^^^^^^^^^^^^^^^
tests\application\test_debate_arbiter_llm.py:5: in &lt;module&gt;
    from app.agents.research.debate_bus import clear_debate_buffer, publish_debate_round
app\agents\__init__.py:5: in &lt;module&gt;
    from .research import (
app\agents\research\__init__.py:11: in &lt;module&gt;
    from .graph import build_custom_trading_graph
app\agents\research\graph.py:23: in &lt;module&gt;
    from .nodes import (
app\agents\research\nodes\__init__.py:13: in &lt;module&gt;
    from ...core.logger import get_logger
E   ModuleNotFoundError: No module named 'app.agents.core'</error></testcase><testcase classname="" name="tests.application.test_debate_arbiter_service" time="0.000"><error message="collection failure">ImportError while importing test module 'E:\project\workspace\myrepo\quant-atlas\tests\application\test_debate_arbiter_service.py'.
Hint: make sure your test modules/packages have valid Python names.
Traceback:
D:\ProgramData\miniconda3\Lib\importlib\__init__.py:90: in import_module
    return _bootstrap._gcd_import(name[level:], package, level)
           ^^^^^^^^^^^^^^^^^^^^^^^^^^^^^^^^^^^^^^^^^^^^^^^^^^^^
tests\application\test_debate_arbiter_service.py:3: in &lt;module&gt;
    from app.agents.research.debate_bus import publish_debate_round
app\agents\__init__.py:5: in &lt;module&gt;
    from .research import (
app\agents\research\__init__.py:11: in &lt;module&gt;
    from .graph import build_custom_trading_graph
app\agents\research\graph.py:23: in &lt;module&gt;
    from .nodes import (
app\agents\research\nodes\__init__.py:13: in &lt;module&gt;
    from ...core.logger import get_logger
E   ModuleNotFoundError: No module named 'app.agents.core'</error></testcase><testcase classname="" name="tests.application.test_evidence_replay_service" time="0.000"><error message="collection failure">ImportError while importing test module 'E:\project\workspace\myrepo\quant-atlas\tests\application\test_evidence_replay_service.py'.
Hint: make sure your test modules/packages have valid Python names.
Traceback:
D:\ProgramData\miniconda3\Lib\importlib\__init__.py:90: in import_module
    return _bootstrap._gcd_import(name[level:], package, level)
           ^^^^^^^^^^^^^^^^^^^^^^^^^^^^^^^^^^^^^^^^^^^^^^^^^^^^
tests\application\test_evidence_replay_service.py:3: in &lt;module&gt;
    from app.agents.research.debate_bus import clear_debate_buffer, publish_debate_round
app\agents\__init__.py:5: in &lt;module&gt;
    from .research import (
app\agents\research\__init__.py:11: in &lt;module&gt;
    from .graph import build_custom_trading_graph
app\agents\research\graph.py:23: in &lt;module&gt;
    from .nodes import (
app\agents\research\nodes\__init__.py:13: in &lt;module&gt;
    from ...core.logger import get_logger
E   ModuleNotFoundError: No module named 'app.agents.core'</error></testcase><testcase classname="" name="tests.application.test_factor_catalog_export" time="0.000"><error message="collection failure">ImportError while importing test module 'E:\project\workspace\myrepo\quant-atlas\tests\application\test_factor_catalog_export.py'.
Hint: make sure your test modules/packages have valid Python names.
Traceback:
D:\ProgramData\miniconda3\Lib\importlib\__init__.py:90: in import_module
    return _bootstrap._gcd_import(name[level:], package, level)
           ^^^^^^^^^^^^^^^^^^^^^^^^^^^^^^^^^^^^^^^^^^^^^^^^^^^^
tests\application\test_factor_catalog_export.py:8: in &lt;module&gt;
    from app.application.services.factor_catalog_service import FactorCatalogService
E   ModuleNotFoundError: No module named 'app.application.services.factor_catalog_service'</error></testcase><testcase classname="" name="tests.application.test_factor_ic_autopublish_merge" time="0.000"><error message="collection failure">ImportError while importing test module 'E:\project\workspace\myrepo\quant-atlas\tests\application\test_factor_ic_autopublish_merge.py'.
Hint: make sure your test modules/packages have valid Python names.
Traceback:
D:\ProgramData\miniconda3\Lib\importlib\__init__.py:90: in import_module
    return _bootstrap._gcd_import(name[level:], package, level)
           ^^^^^^^^^^^^^^^^^^^^^^^^^^^^^^^^^^^^^^^^^^^^^^^^^^^^
tests\application\test_factor_ic_autopublish_merge.py:8: in &lt;module&gt;
    from app.application.services.factor_catalog_service import FactorCatalogService
E   ModuleNotFoundError: No module named 'app.application.services.factor_catalog_service'</error></testcase><testcase classname="" name="tests.application.test_factor_monitor_summary" time="0.000"><error message="collection failure">ImportError while importing test module 'E:\project\workspace\myrepo\quant-atlas\tests\application\test_factor_monitor_summary.py'.
Hint: make sure your test modules/packages have valid Python names.
Traceback:
D:\ProgramData\miniconda3\Lib\importlib\__init__.py:90: in import_module
    return _bootstrap._gcd_import(name[level:], package, level)
           ^^^^^^^^^^^^^^^^^^^^^^^^^^^^^^^^^^^^^^^^^^^^^^^^^^^^
tests\application\test_factor_monitor_summary.py:8: in &lt;module&gt;
    from app.application.services.factor_catalog_service import FactorCatalogService
E   ModuleNotFoundError: No module named 'app.application.services.factor_catalog_service'</error></testcase><testcase classname="" name="tests.application.test_live_research_document" time="0.000"><error message="collection failure">ImportError while importing test module 'E:\project\workspace\myrepo\quant-atlas\tests\application\test_live_research_document.py'.
Hint: make sure your test modules/packages have valid Python names.
Traceback:
D:\ProgramData\miniconda3\Lib\importlib\__init__.py:90: in import_module
    return _bootstrap._gcd_import(name[level:], package, level)
           ^^^^^^^^^^^^^^^^^^^^^^^^^^^^^^^^^^^^^^^^^^^^^^^^^^^^
tests\application\test_live_research_document.py:5: in &lt;module&gt;
    from app.modules.system.services.ui.live_research_document_service import (
app\modules\system\services\ui\live_research_document_service.py:7: in &lt;module&gt;
    from app.agents.research.debate_bus import get_recent_debate_rounds
app\agents\__init__.py:5: in &lt;module&gt;
    from .research import (
app\agents\research\__init__.py:11: in &lt;module&gt;
    from .graph import build_custom_trading_graph
app\agents\research\graph.py:23: in &lt;module&gt;
    from .nodes import (
app\agents\research\nodes\__init__.py:13: in &lt;module&gt;
    from ...core.logger import get_logger
E   ModuleNotFoundError: No module named 'app.agents.core'</error></testcase></testsuite></testsuites>