<?xml version="1.0" encoding="utf-8"?><testsuites name="pytest tests"><testsuite name="pytest" errors="5" failures="0" skipped="0" tests="5" time="7.040" timestamp="2026-06-16T08:12:46.948788+08:00" hostname="iceboat"><testcase classname="" name="tests.agents.test_ai_committee" time="0.000"><error message="collection failure">C:\Users\dawn2\AppData\Roaming\Python\Python312\site-packages\_pytest\python.py:507: in importtestmodule
    mod = import_path(
C:\Users\dawn2\AppData\Roaming\Python\Python312\site-packages\_pytest\pathlib.py:587: in import_path
    importlib.import_module(module_name)
D:\ProgramData\miniconda3\Lib\importlib\__init__.py:90: in import_module
    return _bootstrap._gcd_import(name[level:], package, level)
           ^^^^^^^^^^^^^^^^^^^^^^^^^^^^^^^^^^^^^^^^^^^^^^^^^^^^
&lt;frozen importlib._bootstrap&gt;:1387: in _gcd_import
    ???
&lt;frozen importlib._bootstrap&gt;:1360: in _find_and_load
    ???
&lt;frozen importlib._bootstrap&gt;:1331: in _find_and_load_unlocked
    ???
&lt;frozen importlib._bootstrap&gt;:935: in _load_unlocked
    ???
C:\Users\dawn2\AppData\Roaming\Python\Python312\site-packages\_pytest\assertion\rewrite.py:197: in exec_module
    exec(co, module.__dict__)
tests\agents\test_ai_committee.py:2: in &lt;module&gt;
    from app.infrastructure.adapters.ollama_prompt_adapter import OllamaPromptAdapter
app\infrastructure\adapters\__init__.py:4: in &lt;module&gt;
    from .tencent_quote_gateway import TencentQuoteGateway
E     File "E:\project\workspace\myrepo\quant-atlas\app\infrastructure\adapters\tencent_quote_gateway.py", line 31
E       import logging
E   SyntaxError: expected 'except' or 'finally' block</error></testcase><testcase classname="" name="tests.agents.test_debate_bus" time="0.000"><error message="collection failure">ImportError while importing test module 'E:\project\workspace\myrepo\quant-atlas\tests\agents\test_debate_bus.py'.
Hint: make sure your test modules/packages have valid Python names.
Traceback:
D:\ProgramData\miniconda3\Lib\importlib\__init__.py:90: in import_module
    return _bootstrap._gcd_import(name[level:], package, level)
           ^^^^^^^^^^^^^^^^^^^^^^^^^^^^^^^^^^^^^^^^^^^^^^^^^^^^
tests\agents\test_debate_bus.py:3: in &lt;module&gt;
    from app.agents.research.debate_bus import (
app\agents\__init__.py:5: in &lt;module&gt;
    from .research import (
app\agents\research\__init__.py:11: in &lt;module&gt;
    from .graph import build_custom_trading_graph
app\agents\research\graph.py:23: in &lt;module&gt;
    from .nodes import (
app\agents\research\nodes\__init__.py:13: in &lt;module&gt;
    from ...core.logger import get_logger
E   ModuleNotFoundError: No module named 'app.agents.core'</error></testcase><testcase classname="" name="tests.agents.test_topology_compiler" time="0.000"><error message="collection failure">ImportError while importing test module 'E:\project\workspace\myrepo\quant-atlas\tests\agents\test_topology_compiler.py'.
Hint: make sure your test modules/packages have valid Python names.
Traceback:
D:\ProgramData\miniconda3\Lib\importlib\__init__.py:90: in import_module
    return _bootstrap._gcd_import(name[level:], package, level)
           ^^^^^^^^^^^^^^^^^^^^^^^^^^^^^^^^^^^^^^^^^^^^^^^^^^^^
tests\agents\test_topology_compiler.py:5: in &lt;module&gt;
    from app.agents.research.integrated_graph import IntegratedResearchGraph, resolve_topology
app\agents\__init__.py:5: in &lt;module&gt;
    from .research import (
app\agents\research\__init__.py:11: in &lt;module&gt;
    from .graph import build_custom_trading_graph
app\agents\research\graph.py:23: in &lt;module&gt;
    from .nodes import (
app\agents\research\nodes\__init__.py:13: in &lt;module&gt;
    from ...core.logger import get_logger
E   ModuleNotFoundError: No module named 'app.agents.core'</error></testcase><testcase classname="" name="tests.api.test_api_direct" time="0.000"><error message="collection failure">ImportError while importing test module 'E:\project\workspace\myrepo\quant-atlas\tests\api\test_api_direct.py'.
Hint: make sure your test modules/packages have valid Python names.
Traceback:
D:\ProgramData\miniconda3\Lib\importlib\__init__.py:90: in import_module
    return _bootstrap._gcd_import(name[level:], package, level)
           ^^^^^^^^^^^^^^^^^^^^^^^^^^^^^^^^^^^^^^^^^^^^^^^^^^^^
tests\api\test_api_direct.py:11: in &lt;module&gt;
    from services.market_service import MarketService
E   ModuleNotFoundError: No module named 'services'</error></testcase><testcase classname="" name="tests.api.test_research_pipeline_and_gate" time="0.000"><error message="collection failure">ImportError while importing test module 'E:\project\workspace\myrepo\quant-atlas\tests\api\test_research_pipeline_and_gate.py'.
Hint: make sure your test modules/packages have valid Python names.
Traceback:
D:\ProgramData\miniconda3\Lib\importlib\__init__.py:90: in import_module
    return _bootstrap._gcd_import(name[level:], package, level)
           ^^^^^^^^^^^^^^^^^^^^^^^^^^^^^^^^^^^^^^^^^^^^^^^^^^^^
tests\api\test_research_pipeline_and_gate.py:8: in &lt;module&gt;
    from app.application.services.qlib_pipeline_service import QlibPipelineService
E   ModuleNotFoundError: No module named 'app.application.services.qlib_pipeline_service'</error></testcase></testsuite></testsuites>